*** Starting uWSGI 2.0.17 (64bit) on [Thu Mar 15 07:08:39 2018] ***
compiled with version: 5.4.0 20160609 on 15 March 2018 06:34:13
os: Linux-4.4.0-1049-aws #58-Ubuntu SMP Fri Jan 12 23:17:09 UTC 2018
nodename: ip-172-31-35-132
machine: x86_64
clock source: unix
detected number of CPU cores: 1
current working directory: /home/ubuntu/WebService/web
detected binary path: /usr/local/bin/uwsgi
!!! no internal routing support, rebuild with pcre support !!!
*** WARNING: you are running uWSGI without its master process manager ***
your processes number limit is 3900
your memory page size is 4096 bytes
detected max file descriptor number: 1024
lock engine: pthread robust mutexes
thunder lock: disabled (you can enable it with --thunder-lock)
uwsgi socket 0 bound to UNIX address webservice.sock fd 3
Python version: 2.7.12 (default, Dec  4 2017, 14:50:18)  [GCC 5.4.0 20160609]
*** Python threads support is disabled. You can enable it with --enable-threads ***
Python main interpreter initialized at 0x1c98bc0
your server socket listen backlog is limited to 100 connections
your mercy for graceful operations on workers is 60 seconds
mapped 72904 bytes (71 KB) for 1 cores
*** Operational MODE: single process ***
WSGI app 0 (mountpoint='') ready in 0 seconds on interpreter 0x1c98bc0 pid: 25117 (default app)
*** uWSGI is running in multiple interpreter mode ***
spawned uWSGI worker 1 (and the only) (pid: 25117, cores: 1)
*** Starting uWSGI 2.0.17 (64bit) on [Thu Mar 15 15:39:28 2018] ***
compiled with version: 5.4.0 20160609 on 15 March 2018 06:34:13
os: Linux-4.4.0-1049-aws #58-Ubuntu SMP Fri Jan 12 23:17:09 UTC 2018
nodename: ip-172-31-35-132
machine: x86_64
clock source: unix
detected number of CPU cores: 1
current working directory: /home/ubuntu/WebService/web
detected binary path: /usr/local/bin/uwsgi
!!! no internal routing support, rebuild with pcre support !!!
*** WARNING: you are running uWSGI without its master process manager ***
your processes number limit is 3900
your memory page size is 4096 bytes
detected max file descriptor number: 1024
lock engine: pthread robust mutexes
thunder lock: disabled (you can enable it with --thunder-lock)
uwsgi socket 0 bound to UNIX address webservice.sock fd 3
Python version: 2.7.12 (default, Dec  4 2017, 14:50:18)  [GCC 5.4.0 20160609]
*** Python threads support is disabled. You can enable it with --enable-threads ***
Python main interpreter initialized at 0x10f9b20
your server socket listen backlog is limited to 100 connections
your mercy for graceful operations on workers is 60 seconds
mapped 72904 bytes (71 KB) for 1 cores
*** Operational MODE: single process ***
WSGI app 0 (mountpoint='') ready in 0 seconds on interpreter 0x10f9b20 pid: 26907 (default app)
*** uWSGI is running in multiple interpreter mode ***
spawned uWSGI worker 1 (and the only) (pid: 26907, cores: 1)
*** Starting uWSGI 2.0.17 (64bit) on [Thu Mar 15 15:45:28 2018] ***
compiled with version: 5.4.0 20160609 on 15 March 2018 06:34:13
os: Linux-4.4.0-1049-aws #58-Ubuntu SMP Fri Jan 12 23:17:09 UTC 2018
nodename: ip-172-31-35-132
machine: x86_64
clock source: unix
detected number of CPU cores: 1
current working directory: /home/ubuntu/WebService
detected binary path: /usr/local/bin/uwsgi
!!! no internal routing support, rebuild with pcre support !!!
*** WARNING: you are running uWSGI without its master process manager ***
your processes number limit is 3900
your memory page size is 4096 bytes
detected max file descriptor number: 1024
lock engine: pthread robust mutexes
thunder lock: disabled (you can enable it with --thunder-lock)
uwsgi socket 0 bound to UNIX address webservice.sock fd 3
Python version: 2.7.12 (default, Dec  4 2017, 14:50:18)  [GCC 5.4.0 20160609]
*** Python threads support is disabled. You can enable it with --enable-threads ***
Python main interpreter initialized at 0x1ed8b20
your server socket listen backlog is limited to 100 connections
your mercy for graceful operations on workers is 60 seconds
mapped 72904 bytes (71 KB) for 1 cores
*** Operational MODE: single process ***
ImportError: No module named wsgi
unable to load app 0 (mountpoint='') (callable not found or import error)
*** no app loaded. going in full dynamic mode ***
*** uWSGI is running in multiple interpreter mode ***
spawned uWSGI worker 1 (and the only) (pid: 27123, cores: 1)
*** Starting uWSGI 2.0.17 (64bit) on [Thu Mar 15 17:45:51 2018] ***
compiled with version: 5.4.0 20160609 on 15 March 2018 06:34:13
os: Linux-4.4.0-1049-aws #58-Ubuntu SMP Fri Jan 12 23:17:09 UTC 2018
nodename: ip-172-31-35-132
machine: x86_64
clock source: unix
detected number of CPU cores: 1
current working directory: /home/ubuntu/WebService/web
detected binary path: /usr/local/bin/uwsgi
!!! no internal routing support, rebuild with pcre support !!!
chdir() to /home/ubuntu/Webservice
chdir(): No such file or directory [core/uwsgi.c line 2629]
*** Starting uWSGI 2.0.17 (64bit) on [Thu Mar 15 17:49:38 2018] ***
compiled with version: 5.4.0 20160609 on 15 March 2018 06:34:13
os: Linux-4.4.0-1049-aws #58-Ubuntu SMP Fri Jan 12 23:17:09 UTC 2018
nodename: ip-172-31-35-132
machine: x86_64
clock source: unix
detected number of CPU cores: 1
current working directory: /home/ubuntu/WebService
detected binary path: /usr/local/bin/uwsgi
!!! no internal routing support, rebuild with pcre support !!!
chdir() to /home/ubuntu/Webservice/
chdir(): No such file or directory [core/uwsgi.c line 2629]
*** Starting uWSGI 2.0.17 (64bit) on [Thu Mar 15 17:49:41 2018] ***
compiled with version: 5.4.0 20160609 on 15 March 2018 06:34:13
os: Linux-4.4.0-1049-aws #58-Ubuntu SMP Fri Jan 12 23:17:09 UTC 2018
nodename: ip-172-31-35-132
machine: x86_64
clock source: unix
detected number of CPU cores: 1
current working directory: /home/ubuntu/WebService
detected binary path: /usr/local/bin/uwsgi
!!! no internal routing support, rebuild with pcre support !!!
chdir() to /home/ubuntu/Webservice/
chdir(): No such file or directory [core/uwsgi.c line 2629]
*** Starting uWSGI 2.0.17 (64bit) on [Thu Mar 15 17:51:01 2018] ***
compiled with version: 5.4.0 20160609 on 15 March 2018 06:34:13
os: Linux-4.4.0-1049-aws #58-Ubuntu SMP Fri Jan 12 23:17:09 UTC 2018
nodename: ip-172-31-35-132
machine: x86_64
clock source: unix
detected number of CPU cores: 1
current working directory: /home/ubuntu/WebService
detected binary path: /usr/local/bin/uwsgi
!!! no internal routing support, rebuild with pcre support !!!
chdir() to /home/ubuntu/Webservice/web/
chdir(): No such file or directory [core/uwsgi.c line 2629]
*** Starting uWSGI 2.0.17 (64bit) on [Thu Mar 15 17:52:09 2018] ***
compiled with version: 5.4.0 20160609 on 15 March 2018 06:34:13
os: Linux-4.4.0-1049-aws #58-Ubuntu SMP Fri Jan 12 23:17:09 UTC 2018
nodename: ip-172-31-35-132
machine: x86_64
clock source: unix
detected number of CPU cores: 1
current working directory: /home/ubuntu/WebService
detected binary path: /usr/local/bin/uwsgi
!!! no internal routing support, rebuild with pcre support !!!
chdir() to /home/ubuntu/WebService/
*** WARNING: you are running uWSGI without its master process manager ***
your processes number limit is 3900
your memory page size is 4096 bytes
detected max file descriptor number: 1024
lock engine: pthread robust mutexes
thunder lock: disabled (you can enable it with --thunder-lock)
uwsgi socket 0 bound to UNIX address webservice.sock fd 3
Python version: 2.7.12 (default, Dec  4 2017, 14:50:18)  [GCC 5.4.0 20160609]
Set PythonHome to /home/ubuntu/WebService/venv
*** Python threads support is disabled. You can enable it with --enable-threads ***
Python main interpreter initialized at 0x17cab80
your server socket listen backlog is limited to 100 connections
your mercy for graceful operations on workers is 60 seconds
mapped 72904 bytes (71 KB) for 1 cores
*** Operational MODE: single process ***
ImportError: No module named wsgi
unable to load app 0 (mountpoint='') (callable not found or import error)
*** no app loaded. going in full dynamic mode ***
*** uWSGI is running in multiple interpreter mode ***
spawned uWSGI worker 1 (and the only) (pid: 28734, cores: 1)
{}
[pid: 26907|app: 0|req: 1/1] 125.133.71.122 () {46 vars in 790 bytes} [Thu Mar 15 17:55:26 2018] GET / => generated 92077 bytes in 37 msecs (HTTP/1.1 200) 2 headers in 82 bytes (2 switches on core 0)
[pid: 26907|app: 0|req: 2/2] 125.133.71.122 () {40 vars in 641 bytes} [Thu Mar 15 17:55:26 2018] GET /Scripts/jquery-1.12.3.min.js => generated 233 bytes in 2 msecs (HTTP/1.1 404) 2 headers in 72 bytes (1 switches on core 0)
[pid: 26907|app: 0|req: 3/3] 125.133.71.122 () {40 vars in 623 bytes} [Thu Mar 15 17:55:26 2018] GET /Scripts/Calendar.js => generated 233 bytes in 0 msecs (HTTP/1.1 404) 2 headers in 72 bytes (1 switches on core 0)
[pid: 26907|app: 0|req: 4/4] 125.133.71.122 () {40 vars in 629 bytes} [Thu Mar 15 17:55:26 2018] GET /Include/Js/JK_Login.js => generated 233 bytes in 0 msecs (HTTP/1.1 404) 2 headers in 72 bytes (1 switches on core 0)
[pid: 26907|app: 0|req: 5/5] 125.133.71.122 () {40 vars in 657 bytes} [Thu Mar 15 17:55:26 2018] GET /Scripts/naverLogin_implicit-1.0.2.js => generated 233 bytes in 0 msecs (HTTP/1.1 404) 2 headers in 72 bytes (1 switches on core 0)
[pid: 26907|app: 0|req: 6/6] 125.133.71.122 () {40 vars in 650 bytes} [Thu Mar 15 17:55:26 2018] GET /Scripts/main/main.js?201712212000 => generated 233 bytes in 0 msecs (HTTP/1.1 404) 2 headers in 72 bytes (1 switches on core 0)
[pid: 26907|app: 0|req: 7/7] 125.133.71.122 () {40 vars in 648 bytes} [Thu Mar 15 17:55:26 2018] GET /Scripts/main/sns.js?201712051300 => generated 233 bytes in 0 msecs (HTTP/1.1 404) 2 headers in 72 bytes (1 switches on core 0)
[pid: 26907|app: 0|req: 8/8] 125.133.71.122 () {40 vars in 623 bytes} [Thu Mar 15 17:55:26 2018] GET /include/js/dslog.js => generated 233 bytes in 0 msecs (HTTP/1.1 404) 2 headers in 72 bytes (1 switches on core 0)
[pid: 26907|app: 0|req: 9/9] 125.133.71.122 () {40 vars in 673 bytes} [Thu Mar 15 17:55:26 2018] GET /images/banner/main_bnr.jpg => generated 233 bytes in 0 msecs (HTTP/1.1 404) 2 headers in 72 bytes (1 switches on core 0)
[pid: 26907|app: 0|req: 10/10] 125.133.71.122 () {40 vars in 683 bytes} [Thu Mar 15 17:55:27 2018] GET /images/Booth/B_Logo/flysher.gif => generated 233 bytes in 0 msecs (HTTP/1.1 404) 2 headers in 72 bytes (1 switches on core 0)
[pid: 26907|app: 0|req: 11/11] 125.133.71.122 () {40 vars in 687 bytes} [Thu Mar 15 17:55:27 2018] GET /images/Booth/B_Logo/astronest.gif => generated 233 bytes in 0 msecs (HTTP/1.1 404) 2 headers in 72 bytes (1 switches on core 0)
[pid: 26907|app: 0|req: 12/12] 125.133.71.122 () {40 vars in 629 bytes} [Thu Mar 15 17:55:27 2018] GET /Include/Js/JK_Login.js => generated 233 bytes in 0 msecs (HTTP/1.1 404) 2 headers in 72 bytes (1 switches on core 0)
[pid: 26907|app: 0|req: 13/13] 125.133.71.122 () {40 vars in 650 bytes} [Thu Mar 15 17:55:27 2018] GET /Scripts/main/main.js?201712212000 => generated 233 bytes in 0 msecs (HTTP/1.1 404) 2 headers in 72 bytes (1 switches on core 0)
[pid: 26907|app: 0|req: 14/14] 125.133.71.122 () {40 vars in 648 bytes} [Thu Mar 15 17:55:27 2018] GET /Scripts/main/sns.js?201712051300 => generated 233 bytes in 0 msecs (HTTP/1.1 404) 2 headers in 72 bytes (1 switches on core 0)
[pid: 26907|app: 0|req: 15/15] 125.133.71.122 () {42 vars in 840 bytes} [Thu Mar 15 17:55:27 2018] GET /include/js/dslog.js => generated 233 bytes in 0 msecs (HTTP/1.1 404) 2 headers in 72 bytes (1 switches on core 0)
[pid: 26907|app: 0|req: 16/16] 125.133.71.122 () {44 vars in 1006 bytes} [Thu Mar 15 17:55:30 2018] GET /Community/talk/detail?idx=22667&talk_stat=12 => generated 233 bytes in 0 msecs (HTTP/1.1 404) 2 headers in 72 bytes (1 switches on core 0)
[pid: 26907|app: 0|req: 17/17] 125.133.71.122 () {42 vars in 874 bytes} [Thu Mar 15 17:55:31 2018] GET /Scripts/naverLogin_implicit-1.0.2.js => generated 233 bytes in 0 msecs (HTTP/1.1 404) 2 headers in 72 bytes (1 switches on core 0)
[pid: 26907|app: 0|req: 18/18] 125.133.71.122 () {42 vars in 840 bytes} [Thu Mar 15 17:55:31 2018] GET /include/js/dslog.js => generated 233 bytes in 0 msecs (HTTP/1.1 404) 2 headers in 72 bytes (1 switches on core 0)
[pid: 26907|app: 0|req: 19/19] 125.133.71.122 () {42 vars in 865 bytes} [Thu Mar 15 17:55:31 2018] GET /Scripts/main/sns.js?201712051300 => generated 233 bytes in 0 msecs (HTTP/1.1 404) 2 headers in 72 bytes (1 switches on core 0)
[pid: 26907|app: 0|req: 20/20] 125.133.71.122 () {42 vars in 846 bytes} [Thu Mar 15 17:55:31 2018] GET /Include/Js/JK_Login.js => generated 233 bytes in 0 msecs (HTTP/1.1 404) 2 headers in 72 bytes (1 switches on core 0)
[pid: 26907|app: 0|req: 21/21] 125.133.71.122 () {42 vars in 867 bytes} [Thu Mar 15 17:55:31 2018] GET /Scripts/main/main.js?201712212000 => generated 233 bytes in 0 msecs (HTTP/1.1 404) 2 headers in 72 bytes (1 switches on core 0)
